[13:01:34] [ServerMain/INFO]: [bootstrap] Running Java 21 (OpenJDK 64-Bit Server VM 21.0.5+11-LTS; Microsoft Microsoft-10376803) on Linux 6.5.0-1025-azure (amd64)
[13:01:34] [ServerMain/INFO]: [bootstrap] Loading Paper 1.21.1-132-ver/1.21.1@b48403b (2024-11-21T10:14:27Z) for Minecraft 1.21.1
[13:01:34] [ServerMain/INFO]: [PluginInitializerManager] Initializing plugins...
[13:01:35] [ServerMain/INFO]: [PluginInitializerManager] Initialized 11 plugins
[13:01:35] [ServerMain/INFO]: [PluginInitializerManager] Paper plugins (1):
 - BKCommonLib (1.21.1-v1)
[13:01:35] [ServerMain/INFO]: [PluginInitializerManager] Bukkit plugins (10):
 - Essentials (2.21.0-dev+185-5bf158c), RealisticMC (4.4), RideOperate (2.0.0), ServerSigns (4.9.0), SignLink (1.21.1-v1), TCHangRail (1.18.1-v2), ThemePark (3.1.3), Train_Carts (1.21.1-v1), ViaVersion (5.2.1), playit-gg (0.1.4)
[13:01:39] [ServerMain/INFO]: Environment: Environment[sessionHost=https://sessionserver.mojang.com, servicesHost=https://api.minecraftservices.com, name=PROD]
[13:01:40] [ServerMain/INFO]: Loaded 1290 recipes
[13:01:41] [ServerMain/INFO]: Loaded 1399 advancements
[13:01:41] [Server thread/INFO]: Starting minecraft server version 1.21.1
[13:01:41] [Server thread/INFO]: Loading properties
[13:01:41] [Server thread/INFO]: This server is running Paper version 1.21.1-132-ver/1.21.1@b48403b (2024-11-21T10:14:27Z) (Implementing API version 1.21.1-R0.1-SNAPSHOT)
[13:01:42] [Server thread/INFO]: [spark] This server bundles the spark profiler. For more information please visit https://docs.papermc.io/paper/profiling
[13:01:42] [Server thread/INFO]: Server Ping Player Sample Count: 12
[13:01:42] [Server thread/INFO]: Using 4 threads for Netty based IO
[13:01:42] [Server thread/INFO]: [ChunkTaskScheduler] Chunk system is using 1 I/O threads, 1 worker threads, and population gen parallelism of 1 threads
[13:01:42] [Server thread/INFO]: Default game type: SURVIVAL
[13:01:42] [Server thread/INFO]: Generating keypair
[13:01:43] [Server thread/INFO]: Starting Minecraft server on *:25565
[13:01:43] [Server thread/INFO]: Using epoll channel type
[13:01:43] [Server thread/INFO]: Paper: Using libdeflate (Linux x86_64) compression from Velocity.
[13:01:43] [Server thread/INFO]: Paper: Using OpenSSL 1.1.x (Linux x86_64) cipher from Velocity.
[13:01:43] [Server thread/WARN]: [org.bukkit.craftbukkit.legacy.CraftLegacy] Initializing Legacy Material Support. Unless you have legacy plugins and/or data this is a bug!
[13:01:50] [Server thread/WARN]: Legacy plugin RealisticMC v4.4 does not specify an api-version.
[13:01:50] [Server thread/INFO]: [BKCommonLib] Loading server plugin BKCommonLib v1.21.1-v1
[13:01:54] [Server thread/INFO]: [SignLink] Loading server plugin SignLink v1.21.1-v1
[13:01:54] [Server thread/INFO]: [Essentials] Loading server plugin Essentials v2.21.0-dev+185-5bf158c
[13:01:54] [Server thread/INFO]: [Train_Carts] Loading server plugin Train_Carts v1.21.1-v1
[13:01:55] [Server thread/INFO]: [Train_Carts] 0 detector rail regions loaded covering 0 blocks
[13:01:55] [Server thread/INFO]: [RideOperate] Loading server plugin RideOperate v2.0.0
[13:01:55] [Server thread/INFO]: [ServerSigns] Loading server plugin ServerSigns v4.9.0
[13:01:55] [Server thread/INFO]: [RealisticMC] Loading server plugin RealisticMC v4.4
[13:01:55] [Server thread/INFO]: [playit-gg] Loading server plugin playit-gg v0.1.4
[13:01:55] [Server thread/INFO]: [TCHangRail] Loading server plugin TCHangRail v1.18.1-v2
[13:01:55] [Server thread/INFO]: [ThemePark] Loading server plugin ThemePark v3.1.3
[13:01:55] [Server thread/INFO]: [ViaVersion] Loading server plugin ViaVersion v5.2.1
[13:01:55] [Server thread/INFO]: [ViaVersion] ViaVersion 5.2.1 is now loaded. Registering protocol transformers and injecting...
[13:01:55] [Via-Mappingloader-0/INFO]: [ViaVersion] Loading block connection mappings ...
[13:01:56] [Via-Mappingloader-0/INFO]: [ViaVersion] Using FastUtil Long2ObjectOpenHashMap for block connections
[13:01:56] [Server thread/INFO]: Server permissions file permissions.yml is empty, ignoring it
[13:01:56] [Server thread/INFO]: [BKCommonLib] Enabling BKCommonLib v1.21.1-v1
[13:01:56] [Server thread/INFO]: [BKCommonLib] BKCommonLib is running on Paper (1.21.1-132-b48403b | mojmap) : (Unknown) (Minecraft 1.21.1)
[13:01:56] [Server thread/INFO]: [BKCommonLib.Network] Now using a PlayerConnection hook to provide Packet Listener and Monitor support
[13:01:56] [Server thread/INFO]: [BKCommonLib] Say thanks to our wonderful devs: Friwi, KamikazePlatypus and mg_1999
[13:01:56] [Server thread/INFO]: [BKCommonLib] BKCommonLib version 1.21.1-v1 (build: 1795) enabled! (0.687s)
[13:01:56] [Server thread/INFO]: Preparing level "world"
[13:01:57] [Server thread/INFO]: Preparing start region for dimension minecraft:overworld
[13:01:58] [Server thread/INFO]: Time elapsed: 1200 ms
[13:01:58] [Server thread/INFO]: Preparing start region for dimension minecraft:the_nether
[13:01:58] [Server thread/INFO]: Time elapsed: 195 ms
[13:01:58] [Server thread/INFO]: Preparing start region for dimension minecraft:the_end
[13:01:58] [Server thread/INFO]: Time elapsed: 90 ms
[13:01:58] [Server thread/INFO]: [SignLink] Enabling SignLink v1.21.1-v1
[13:01:59] [Server thread/INFO]: [SignLink] SignLink version 1.21.1-v1 (build: 96) enabled! (0.335s)
[13:01:59] [Server thread/INFO]: [Essentials] Enabling Essentials v2.21.0-dev+185-5bf158c
[13:01:59] [Server thread/ERROR]: [Essentials] You are running an unsupported server version!
[13:01:59] [Server thread/INFO]: [Essentials] Attempting to convert old kits in config.yml to new kits.yml
[13:01:59] [Server thread/INFO]: [Essentials] No kits found to migrate.
[13:01:59] [Server thread/INFO]: [Essentials] Selected 1.14+ Sign Data Provider as the provider for SignDataProvider
[13:01:59] [Server thread/INFO]: [Essentials] Selected 1.13+ Spawn Egg Provider as the provider for SpawnEggProvider
[13:01:59] [Server thread/INFO]: [Essentials] Selected Reflection Online Mode Provider as the provider for OnlineModeProvider
[13:01:59] [Server thread/INFO]: [Essentials] Selected 1.11+ Item Unbreakable Provider as the provider for ItemUnbreakableProvider
[13:02:00] [Server thread/INFO]: [Essentials] Selected Paper Material Tag Provider as the provider for MaterialTagProvider
[13:02:00] [Server thread/INFO]: [Essentials] Selected Paper Server State Provider as the provider for ServerStateProvider
[13:02:00] [Server thread/INFO]: [Essentials] Selected 1.20.6+ Potion Meta Provider as the provider for PotionMetaProvider
[13:02:00] [Server thread/INFO]: [Essentials] Selected Reflection Spawner Block Provider as the provider for SpawnerBlockProvider
[13:02:00] [Server thread/INFO]: [Essentials] Selected Paper Tick Count Provider as the provider for TickCountProvider
[13:02:00] [Server thread/INFO]: [Essentials] Selected 1.20.5+ Banner Data Provider as the provider for BannerDataProvider
[13:02:00] [Server thread/INFO]: [Essentials] Selected Reflection Formatted Command Alias Provider as the provider for FormattedCommandAliasProvider
[13:02:00] [Server thread/INFO]: [Essentials] Selected 1.14.4+ Persistent Data Container Provider as the provider for PersistentDataProvider
[13:02:00] [Server thread/INFO]: [Essentials] Selected Reflection Sync Commands Provider as the provider for SyncCommandsProvider
[13:02:00] [Server thread/INFO]: [Essentials] Selected Paper Container Provider as the provider for ContainerProvider
[13:02:00] [Server thread/INFO]: [Essentials] Selected Paper Biome Key Provider as the provider for BiomeKeyProvider
[13:02:00] [Server thread/INFO]: [Essentials] Selected 1.21+ InventoryView Interface ABI Provider as the provider for InventoryViewProvider
[13:02:00] [Server thread/INFO]: [Essentials] Selected Paper Serialization Provider as the provider for SerializationProvider
[13:02:00] [Server thread/INFO]: [Essentials] Selected 1.12.2+ Player Locale Provider as the provider for PlayerLocaleProvider
[13:02:00] [Server thread/INFO]: [Essentials] Selected 1.20.4+ Damage Event Provider as the provider for DamageEventProvider
[13:02:00] [Server thread/INFO]: [Essentials] Selected 1.8.3+ Spawner Item Provider as the provider for SpawnerItemProvider
[13:02:00] [Server thread/INFO]: [Essentials] Selected 1.17.1+ World Info Provider as the provider for WorldInfoProvider
[13:02:00] [Server thread/INFO]: [Essentials] Selected Paper Known Commands Provider as the provider for KnownCommandsProvider
[13:02:00] [Server thread/INFO]: [Essentials] Loaded 43465 items from items.json.
[13:02:00] [Server thread/INFO]: [Essentials] Using locale en
[13:02:00] [Server thread/INFO]: [Essentials] ServerListPingEvent: Spigot iterator API
[13:02:00] [Server thread/INFO]: [Essentials] Starting Metrics. Opt-out using the global bStats config.
[13:02:00] [Server thread/INFO]: [Essentials] Using superperms-based permissions.
[13:02:00] [Server thread/INFO]: [Train_Carts] Enabling Train_Carts v1.21.1-v1
[13:02:03] [Server thread/INFO]: [Train_Carts] [Resource Pack Models] Loading resource pack item model lists
[13:02:03] [Server thread/INFO]: [Train_Carts] SignLink detected, support for arrival signs added!
[13:02:03] [Server thread/INFO]: [Train_Carts] 0 Trains have been loaded in 0 worlds. (0 Minecarts)
[13:02:03] [Server thread/INFO]: [Train_Carts] Restoring trains and loading nearby chunks...
[13:02:03] [Server thread/INFO]: [Train_Carts] Train_Carts version 1.21.1-v1 (build: 1606) enabled! (3.2s)
[13:02:03] [Server thread/INFO]: [Train_Carts] SignLink detected, support for arrival signs added!
[13:02:03] [Server thread/INFO]: [RideOperate] Enabling RideOperate v2.0.0
[13:02:03] [Server thread/INFO]: [RideOperate] Ride Operate is enabled
[13:02:03] [Server thread/INFO]: [RideOperate] config.yml loaded.
[13:02:03] [Server thread/INFO]: [RideOperate] panel.yml loaded.
[13:02:03] [Server thread/INFO]: [RideOperate] Webserver started on port 8080
[13:02:03] [Server thread/INFO]: [ServerSigns] Enabling ServerSigns v4.9.0
[13:02:04] [Server thread/INFO]: [ServerSigns] Unable to load Vault dependency - certain economy and permission features will be disabled
[13:02:04] [Server thread/INFO]: [ServerSigns] Please download Vault at http://dev.bukkit.org/server-mods/vault/ for Economy and "Permission grant" support.
[13:02:04] [Server thread/INFO]: [ServerSigns] Unable to load PlaceholderAPI dependency - placeholder features will be disabled
[13:02:04] [Server thread/INFO]: [ServerSigns] You can download PlaceholderAPI at https://www.spigotmc.org/resources/placeholderapi.6245/
[13:02:04] [Server thread/INFO]: [ServerSigns] Version 4.9.0 is now enabled.
[13:02:04] [Server thread/INFO]: [RealisticMC] Enabling RealisticMC v4.4*
[13:02:04] [Server thread/INFO]: -----------------------------------------------------------------------------
[13:02:04] [Server thread/INFO]: 
[13:02:04] [Server thread/INFO]: ,------.                ,--.,--.        ,--.  ,--.      ,--.   ,--. ,-----.
[13:02:04] [Server thread/INFO]: |  .--. ' ,---.  ,--,--.|  |`--' ,---.,-'  '-.`--' ,---.|   `.'   |'  .--./
[13:02:04] [Server thread/INFO]: |  '--'.'| .-. :' ,-.  ||  |,--.(  .-''-.  .-',--.| .--'|  |'.'|  ||  |  
[13:02:04] [Server thread/INFO]: |  |\  \ \   --.\ '-'  ||  ||  |.-'  `) |  |  |  |\ `--.|  |   |  |'  '--'\
[13:02:04] [Server thread/INFO]: `--' '--' `----' `--`--'`--'`--'`----'  `--'  `--' `---'`--'   `--' `-----'
[13:02:04] [Server thread/INFO]: 
[13:02:04] [Server thread/INFO]: Your configuration file has been created/loaded!
[13:02:04] [Server thread/INFO]: Loading all the effects...
[13:02:04] [Server thread/INFO]: RealisticTrees, Falling Blocks, TNT Explosions, Blood Effects Dead Trees and more... has been loaded!
[13:02:04] [Server thread/INFO]: You have installed RealisticMC Version 4.4r
[13:02:04] [Server thread/INFO]: RealisticMC latest version is: v4.4 Release
[13:02:04] [Server thread/INFO]: 
[13:02:04] [Server thread/INFO]: Created by Citywars
[13:02:04] [Server thread/INFO]: 
[13:02:04] [Server thread/INFO]: -----------------------------------------------------------------------------
[13:02:04] [Server thread/ERROR]: [RealisticMC] Failed to register events for class me.citywars.realisticmc.WorldGuard because com/sk89q/worldguard/bukkit/WorldGuardPlugin does not exist.
[13:02:04] [Server thread/INFO]: RealisticMC cannot found WorldGuard, WorldGuard support has been disabled!
[13:02:04] [Server thread/INFO]: [playit-gg] Enabling playit-gg v0.1.4
[13:02:04] [Server thread/INFO]: [TCHangRail] Enabling TCHangRail v1.18.1-v2
[13:02:04] [Server thread/INFO]: [ThemePark] Enabling ThemePark v3.1.3
[13:02:04] [Thread-8/INFO]: [gg.playit.minecraft.PlayitKeysSetup] secret key found, checking
[13:02:04] [Thread-8/INFO]: [gg.playit.minecraft.PlayitKeysSetup] check secret
[13:02:04] [Server thread/INFO]: [com.zaxxer.hikari.HikariDataSource] ThemePark - Starting...
[13:02:04] [Server thread/INFO]: [com.zaxxer.hikari.pool.HikariPool] ThemePark - Added connection org.sqlite.jdbc4.JDBC4Connection@ee10ea9
[13:02:04] [Server thread/INFO]: [com.zaxxer.hikari.HikariDataSource] ThemePark - Start completed.
[13:02:04] [Server thread/INFO]: [ThemePark] [STDOUT] SQLite database running on version: 3.46.0
[13:02:04] [Server thread/WARN]: Nag author(s): '[IOByte]' of 'ThemePark v3.1.3' about their usage of System.out/err.print. Please use your plugin's logger instead (JavaPlugin#getLogger).
[13:02:05] [Server thread/INFO]: [ViaVersion] Enabling ViaVersion v5.2.1
[13:02:05] [Server thread/INFO]: [ViaVersion] ViaVersion detected server version: 1.21-1.21.1 (767)
[13:02:05] [Server thread/INFO]: [BKCommonLib] ViaVersion detected, will use it to detect player game versions
[13:02:05] [Server thread/INFO]: [spark] Starting background profiler...
[13:02:05] [Server thread/INFO]: Done preparing level "world" (8.728s)
[13:02:05] [Server thread/INFO]: Running delayed init tasks
[13:02:05] [Craft Scheduler Thread - 3 - Essentials/INFO]: [Essentials] Fetching version information...
[13:02:05] [Craft Scheduler Thread - 5 - ViaVersion/INFO]: [ViaVersion] Finished mapping loading, shutting down loader executor.
[13:02:05] [Craft Scheduler Thread - 0 - ThemePark/WARN]: java.io.IOException: Server returned HTTP response code: 403 for URL: https://api.spigotmc.org/legacy/update.php?resource=48648
[13:02:05] [Craft Scheduler Thread - 0 - ThemePark/WARN]: 	at java.base/sun.net.www.protocol.http.HttpURLConnection.getInputStream0(HttpURLConnection.java:2013)
[13:02:05] [Craft Scheduler Thread - 0 - ThemePark/WARN]: 	at java.base/sun.net.www.protocol.http.HttpURLConnection.getInputStream(HttpURLConnection.java:1614)
[13:02:05] [Craft Scheduler Thread - 0 - ThemePark/WARN]: 	at java.base/sun.net.www.protocol.https.HttpsURLConnectionImpl.getInputStream(HttpsURLConnectionImpl.java:223)
[13:02:05] [Craft Scheduler Thread - 0 - ThemePark/WARN]: 	at ThemePark v3.1.3.jar//nl.iobyte.themepark.utils.UpdateManager.lambda$check$2(UpdateManager.java:110)
[13:02:05] [Craft Scheduler Thread - 0 - ThemePark/WARN]: 	at org.bukkit.craftbukkit.scheduler.CraftTask.run(CraftTask.java:86)
[13:02:05] [Craft Scheduler Thread - 0 - ThemePark/WARN]: 	at org.bukkit.craftbukkit.scheduler.CraftAsyncTask.run(CraftAsyncTask.java:57)
[13:02:05] [Craft Scheduler Thread - 0 - ThemePark/WARN]: 	at com.destroystokyo.paper.ServerSchedulerReportingWrapper.run(ServerSchedulerReportingWrapper.java:22)
[13:02:05] [Craft Scheduler Thread - 0 - ThemePark/WARN]: 	at java.base/java.util.concurrent.ThreadPoolExecutor.runWorker(ThreadPoolExecutor.java:1144)
[13:02:05] [Craft Scheduler Thread - 0 - ThemePark/WARN]: 	at java.base/java.util.concurrent.ThreadPoolExecutor$Worker.run(ThreadPoolExecutor.java:642)
[13:02:05] [Craft Scheduler Thread - 0 - ThemePark/WARN]: 	at java.base/java.lang.Thread.run(Thread.java:1583)
[13:02:05] [Thread-8/INFO]: [gg.playit.minecraft.PlayitKeysSetup] found minecraft java tunnel: must-water.joinmc.link
[13:02:05] [Thread-8/INFO]: [gg.playit.minecraft.PlayitManager] keys and tunnel setup
[13:02:05] [Thread-8/INFO]: playit.gg: tunnel setup
[13:02:05] [Thread-8/INFO]: playit.gg: must-water.joinmc.link
[13:02:05] [Craft Scheduler Thread - 2 - ServerSigns/INFO]: [Metrics] Connection refused
[13:02:05] [Server thread/INFO]: [ThemePark] Unable to check for updates
[13:02:05] [Server thread/INFO]: Done (32.279s)! For help, type "help"
[13:02:05] [Thread-8/WARN]: [gg.playit.control.ChannelSetup] Got IO error working with :control.playit.gg/2602:fbaf:82c:0:0:0:0:1, error : java.net.SocketException: Network is unreachable
[13:02:05] [Server thread/INFO]: Timings Reset
[13:02:06] [Thread-8/INFO]: [gg.playit.control.ChannelSetup] request queued, waiting 1 second before resend
[13:06:07] [Thread-8/INFO]: [gg.playit.control.ChannelSetup] send keep alive
[13:10:08] [Thread-8/INFO]: [gg.playit.control.ChannelSetup] send keep alive
[13:12:05] [Craft Scheduler Thread - 16 - ServerSigns/INFO]: [Metrics] Connection refused
[13:14:08] [Thread-8/INFO]: [gg.playit.control.ChannelSetup] send keep alive
[13:17:05] [Craft Scheduler Thread - 22 - ThemePark/INFO]: [ThemePark] Configuration data saved to file
[13:17:05] [Craft Scheduler Thread - 22 - ThemePark/INFO]: [ThemePark] Sign data saved to file
[13:18:09] [Thread-8/INFO]: [gg.playit.control.ChannelSetup] send keep alive
[13:18:51] [Thread-8/INFO]: [gg.playit.minecraft.PlayitManager] got new client: NewClient{connectAddr=147.185.221.194:45227, peerAddr=84.196.247.1:58280, claimAddress=209.25.141.2:43784, claimToken=[44, 0, 60, -109, -71, -35, -62, -80, -85, 84, -60, -9, 1, -29, -88, 84, 19, -54, 116, -85, 8, 103, -59, -84, 59, 0, 0, 0, 0, 0, 16, -82, 15, 0, 0, 0, 0, 0, 63, -27, -32, -37, 116, -85, 8, 0, 0, 0, 0, 36, 0, 0, 0, 0, 0, 0, 0, 1, 0, 2, 60, 35, -29, 29, 98, -7, -124, 47, -111, -109, 55, 92, -14, 123, 101, -112], tunnelServerId=1, dataCenterId=36}
[13:18:51] [Thread-8/INFO]: [gg.playit.minecraft.PlayitManager] starting tcp tunnel for client
[13:18:51] [Thread-8/INFO]: [gg.playit.minecraft.PlayitTcpTunnel] start connection to /209.25.141.2:43784 to claim client
[13:18:51] [nioEventLoopGroup-2-1/INFO]: [gg.playit.minecraft.PlayitTcpTunnel] connected to tunnel server, sending claim token
[13:18:51] [nioEventLoopGroup-2-1/INFO]: [gg.playit.minecraft.PlayitTcpTunnel] claim token sent
[13:18:51] [nioEventLoopGroup-2-1/INFO]: [gg.playit.minecraft.PlayitTcpTunnel] connection to tunnel server has been established
[13:18:51] [nioEventLoopGroup-2-1/INFO]: [gg.playit.minecraft.PlayitTcpTunnel] Reflect: ReflectionHelper{ServerConnection=class net.minecraft.server.network.ServerConnectionListener, LegacyPingHandler=class net.minecraft.server.network.LegacyQueryHandler, MinecraftServer=class net.minecraft.server.MinecraftServer, PacketSplitter=class net.minecraft.network.Varint21FrameDecoder, PacketDecoder=class net.minecraft.network.PacketDecoder, EnumProtocolDirection=class net.minecraft.network.protocol.PacketFlow, PacketPrepender=class net.minecraft.network.Varint21LengthFieldPrepender, PacketEncoder=class net.minecraft.network.PacketEncoder, NetworkManagerServer=class net.minecraft.network.RateKickingConnection, NetworkManager=class net.minecraft.network.Connection, HandshakeListener=class net.minecraft.server.network.ServerHandshakePacketListenerImpl, PacketListener=interface net.minecraft.network.PacketListener, CraftServer=class org.bukkit.craftbukkit.CraftServer}
[13:18:51] [nioEventLoopGroup-2-1/INFO]: [gg.playit.minecraft.PlayitTcpTunnel] legacyPingHandler is null
[13:18:51] [nioEventLoopGroup-2-1/INFO]: [gg.playit.minecraft.PlayitTcpTunnel] connecting to minecraft server at localhost/127.0.0.1:25565
[13:18:51] [nioEventLoopGroup-2-2/INFO]: [gg.playit.minecraft.PlayitTcpTunnel] connected to local minecraft server
[13:19:02] [Thread-8/INFO]: [gg.playit.minecraft.PlayitManager] got new client: NewClient{connectAddr=147.185.221.194:45227, peerAddr=84.196.247.1:58290, claimAddress=209.25.141.2:43784, claimToken=[44, 0, 60, -109, -71, -35, -62, -80, -85, 84, -60, -9, 1, -29, -78, -114, 71, 111, -16, -85, 8, 103, -59, -84, 70, 0, 0, 0, 0, 0, 16, -82, 15, 0, 0, 0, 0, 0, 63, -27, -32, 43, -16, -85, 8, 0, 0, 0, 0, 36, 0, 0, 0, 0, 0, 0, 0, 1, 0, 3, 120, -30, -52, -127, 43, 61, -120, -95, -49, -12, 99, -74, -113, -125, 30, 56], tunnelServerId=1, dataCenterId=36}
[13:19:02] [Thread-8/INFO]: [gg.playit.minecraft.PlayitManager] starting tcp tunnel for client
[13:19:02] [Thread-8/INFO]: [gg.playit.minecraft.PlayitTcpTunnel] start connection to /209.25.141.2:43784 to claim client
[13:19:02] [nioEventLoopGroup-2-3/INFO]: [gg.playit.minecraft.PlayitTcpTunnel] connected to tunnel server, sending claim token
[13:19:02] [nioEventLoopGroup-2-3/INFO]: [gg.playit.minecraft.PlayitTcpTunnel] claim token sent
[13:19:02] [nioEventLoopGroup-2-3/INFO]: [gg.playit.minecraft.PlayitTcpTunnel] connection to tunnel server has been established
[13:19:02] [nioEventLoopGroup-2-3/INFO]: [gg.playit.minecraft.PlayitTcpTunnel] Reflect: ReflectionHelper{ServerConnection=class net.minecraft.server.network.ServerConnectionListener, LegacyPingHandler=class net.minecraft.server.network.LegacyQueryHandler, MinecraftServer=class net.minecraft.server.MinecraftServer, PacketSplitter=class net.minecraft.network.Varint21FrameDecoder, PacketDecoder=class net.minecraft.network.PacketDecoder, EnumProtocolDirection=class net.minecraft.network.protocol.PacketFlow, PacketPrepender=class net.minecraft.network.Varint21LengthFieldPrepender, PacketEncoder=class net.minecraft.network.PacketEncoder, NetworkManagerServer=class net.minecraft.network.RateKickingConnection, NetworkManager=class net.minecraft.network.Connection, HandshakeListener=class net.minecraft.server.network.ServerHandshakePacketListenerImpl, PacketListener=interface net.minecraft.network.PacketListener, CraftServer=class org.bukkit.craftbukkit.CraftServer}
[13:19:02] [nioEventLoopGroup-2-3/INFO]: [gg.playit.minecraft.PlayitTcpTunnel] legacyPingHandler is null
[13:19:02] [nioEventLoopGroup-2-3/INFO]: [gg.playit.minecraft.PlayitTcpTunnel] connecting to minecraft server at localhost/127.0.0.1:25565
[13:19:02] [nioEventLoopGroup-2-4/INFO]: [gg.playit.minecraft.PlayitTcpTunnel] connected to local minecraft server
[13:19:03] [Thread-8/INFO]: [gg.playit.minecraft.PlayitManager] got new client: NewClient{connectAddr=147.185.221.194:45227, peerAddr=84.196.247.1:58293, claimAddress=209.25.141.2:43784, claimToken=[44, 0, 60, -109, -71, -35, -62, -80, -85, 84, -60, -9, 1, -29, -75, -111, 74, 14, 23, -85, 8, 103, -59, -84, 71, 0, 0, 0, 0, 0, 16, -82, 15, 0, 0, 0, 0, 0, 63, -27, -32, 117, 23, -85, 8, 0, 0, 0, 0, 36, 0, 0, 0, 0, 0, 0, 0, 1, 0, 4, -15, -66, 98, 114, -69, 18, -25, -77, -109, 116, 70, 35, 114, -114, -107, -17], tunnelServerId=1, dataCenterId=36}
[13:19:03] [Thread-8/INFO]: [gg.playit.minecraft.PlayitManager] starting tcp tunnel for client
[13:19:03] [Thread-8/INFO]: [gg.playit.minecraft.PlayitTcpTunnel] start connection to /209.25.141.2:43784 to claim client
[13:19:03] [nioEventLoopGroup-2-1/INFO]: [gg.playit.minecraft.PlayitTcpTunnel] connected to tunnel server, sending claim token
[13:19:03] [nioEventLoopGroup-2-1/INFO]: [gg.playit.minecraft.PlayitTcpTunnel] claim token sent
[13:19:03] [nioEventLoopGroup-2-1/INFO]: [gg.playit.minecraft.PlayitTcpTunnel] connection to tunnel server has been established
[13:19:03] [nioEventLoopGroup-2-1/INFO]: [gg.playit.minecraft.PlayitTcpTunnel] Reflect: ReflectionHelper{ServerConnection=class net.minecraft.server.network.ServerConnectionListener, LegacyPingHandler=class net.minecraft.server.network.LegacyQueryHandler, MinecraftServer=class net.minecraft.server.MinecraftServer, PacketSplitter=class net.minecraft.network.Varint21FrameDecoder, PacketDecoder=class net.minecraft.network.PacketDecoder, EnumProtocolDirection=class net.minecraft.network.protocol.PacketFlow, PacketPrepender=class net.minecraft.network.Varint21LengthFieldPrepender, PacketEncoder=class net.minecraft.network.PacketEncoder, NetworkManagerServer=class net.minecraft.network.RateKickingConnection, NetworkManager=class net.minecraft.network.Connection, HandshakeListener=class net.minecraft.server.network.ServerHandshakePacketListenerImpl, PacketListener=interface net.minecraft.network.PacketListener, CraftServer=class org.bukkit.craftbukkit.CraftServer}
[13:19:03] [nioEventLoopGroup-2-1/INFO]: [gg.playit.minecraft.PlayitTcpTunnel] legacyPingHandler is null
[13:19:03] [nioEventLoopGroup-2-1/INFO]: [gg.playit.minecraft.PlayitTcpTunnel] connecting to minecraft server at localhost/127.0.0.1:25565
[13:19:03] [nioEventLoopGroup-2-2/INFO]: [gg.playit.minecraft.PlayitTcpTunnel] connected to local minecraft server
[13:19:04] [User Authenticator #0/INFO]: UUID of player serge2001114 is 0b62dec6-2ab0-4901-aab9-f3a3e3a0660c
[13:19:05] [Server thread/INFO]: serge2001114 joined the game
[13:19:05] [Server thread/INFO]: serge2001114[/127.0.0.1:45412] logged in with entity id 44 at ([world]-325.5029560287665, 75.27137597759999, 167.6694308656833)
[13:19:12] [nioEventLoopGroup-2-1/WARN]: [gg.playit.minecraft.PlayitTcpTunnel] failed to send data to tunnel
[13:19:12] [Server thread/INFO]: serge2001114 lost connection: Disconnected
[13:19:12] [Thread-8/INFO]: [gg.playit.minecraft.PlayitManager] got new client: NewClient{connectAddr=147.185.221.194:45227, peerAddr=84.196.247.1:58301, claimAddress=209.25.141.2:43784, claimToken=[44, 0, 60, -109, -71, -35, -62, -80, -85, 84, -60, -9, 1, -29, -67, 77, -62, 88, 22, -85, 8, 103, -59, -84, 80, 0, 0, 0, 0, 0, 16, -82, 15, 0, 0, 0, 0, 0, 63, -27, -32, 64, 22, -85, 8, 0, 0, 0, 0, 36, 0, 0, 0, 0, 0, 0, 0, 1, 0, 3, -118, 126, -80, 19, -79, -50, -51, 116, -25, 51, 21, -51, -94, -37, -75, 0], tunnelServerId=1, dataCenterId=36}
[13:19:12] [Thread-8/INFO]: [gg.playit.minecraft.PlayitManager] starting tcp tunnel for client
[13:19:12] [Thread-8/INFO]: [gg.playit.minecraft.PlayitTcpTunnel] start connection to /209.25.141.2:43784 to claim client
[13:19:12] [nioEventLoopGroup-2-3/INFO]: [gg.playit.minecraft.PlayitTcpTunnel] connected to tunnel server, sending claim token
[13:19:12] [nioEventLoopGroup-2-3/INFO]: [gg.playit.minecraft.PlayitTcpTunnel] claim token sent
[13:19:12] [Server thread/INFO]: serge2001114 left the game
[13:19:12] [nioEventLoopGroup-2-3/INFO]: [gg.playit.minecraft.PlayitTcpTunnel] connection to tunnel server has been established
[13:19:12] [nioEventLoopGroup-2-3/INFO]: [gg.playit.minecraft.PlayitTcpTunnel] Reflect: ReflectionHelper{ServerConnection=class net.minecraft.server.network.ServerConnectionListener, LegacyPingHandler=class net.minecraft.server.network.LegacyQueryHandler, MinecraftServer=class net.minecraft.server.MinecraftServer, PacketSplitter=class net.minecraft.network.Varint21FrameDecoder, PacketDecoder=class net.minecraft.network.PacketDecoder, EnumProtocolDirection=class net.minecraft.network.protocol.PacketFlow, PacketPrepender=class net.minecraft.network.Varint21LengthFieldPrepender, PacketEncoder=class net.minecraft.network.PacketEncoder, NetworkManagerServer=class net.minecraft.network.RateKickingConnection, NetworkManager=class net.minecraft.network.Connection, HandshakeListener=class net.minecraft.server.network.ServerHandshakePacketListenerImpl, PacketListener=interface net.minecraft.network.PacketListener, CraftServer=class org.bukkit.craftbukkit.CraftServer}
[13:19:12] [nioEventLoopGroup-2-3/INFO]: [gg.playit.minecraft.PlayitTcpTunnel] legacyPingHandler is null
[13:19:12] [nioEventLoopGroup-2-3/INFO]: [gg.playit.minecraft.PlayitTcpTunnel] connecting to minecraft server at localhost/127.0.0.1:25565
[13:19:12] [nioEventLoopGroup-2-4/INFO]: [gg.playit.minecraft.PlayitTcpTunnel] connected to local minecraft server
[13:22:05] [Craft Scheduler Thread - 31 - ServerSigns/INFO]: [Metrics] Connection refused
[13:22:10] [Thread-8/INFO]: [gg.playit.control.ChannelSetup] send keep alive
[13:26:10] [Thread-8/INFO]: [gg.playit.control.ChannelSetup] send keep alive
[13:30:11] [Thread-8/INFO]: [gg.playit.control.ChannelSetup] send keep alive
[13:32:05] [Craft Scheduler Thread - 42 - ThemePark/INFO]: [ThemePark] Configuration data saved to file
[13:32:05] [Craft Scheduler Thread - 42 - ThemePark/INFO]: [ThemePark] Sign data saved to file
[13:32:05] [Craft Scheduler Thread - 43 - ServerSigns/INFO]: [Metrics] Connection refused
[13:34:12] [Thread-8/INFO]: [gg.playit.control.ChannelSetup] send keep alive
[13:38:13] [Thread-8/INFO]: [gg.playit.control.ChannelSetup] send keep alive
[13:41:11] [Thread-8/INFO]: [gg.playit.minecraft.PlayitManager] got new client: NewClient{connectAddr=[2602:fbaf:080c:0001:0000:0000:0000:00c2]:45227, peerAddr=[2001:19f0:6402:08f2:5400:05ff:fe0c:67c3]:54454, claimAddress=209.25.141.2:43786, claimToken=[64, 0, 88, 38, 2, -5, -81, 8, 12, 0, 1, 0, 0, 0, 0, 0, 0, 0, -62, -80, -85, 32, 1, 25, -16, 100, 2, 8, -14, 84, 0, 5, -1, -2, 12, 103, -61, -44, -74, 0, 0, 0, 0, -93, -93, -85, 11, -85, 10, 103, -59, -79, 119, 0, 0, 0, 0, 0, 16, -82, 15, 0, 0, 0, 0, 0, 63, -27, -32, 45, 11, -85, 10, 0, 0, 0, 0, 44, 0, 0, 0, 0, 0, 0, 0, 1, 0, 4, 17, 68, -50, 104, -87, -56, -102, 50, -40, -92, 9, 20, -98, 97, -115, 59], tunnelServerId=1, dataCenterId=44}
[13:41:11] [Thread-8/INFO]: [gg.playit.minecraft.PlayitManager] starting tcp tunnel for client
[13:41:11] [Thread-8/INFO]: [gg.playit.minecraft.PlayitTcpTunnel] start connection to /209.25.141.2:43786 to claim client
[13:41:11] [Thread-8/INFO]: [gg.playit.minecraft.PlayitManager] got new client: NewClient{connectAddr=147.185.221.194:45227, peerAddr=216.128.138.102:55946, claimAddress=209.25.141.2:43786, claimToken=[44, 0, 60, -109, -71, -35, -62, -80, -85, -40, -128, -118, 102, -38, -118, -58, 76, -65, -94, -85, 10, 103, -59, -79, 119, 0, 0, 0, 0, 0, 16, -82, 15, 0, 0, 0, 0, 0, 63, -27, -32, 93, -94, -85, 10, 0, 0, 0, 0, 44, 0, 0, 0, 0, 0, 0, 0, 1, 0, 2, 66, -33, 79, 59, 29, -36, -118, 94, -124, 115, 39, -43, 77, 54, -96, 58], tunnelServerId=1, dataCenterId=44}
[13:41:11] [Thread-8/INFO]: [gg.playit.minecraft.PlayitManager] starting tcp tunnel for client
[13:41:11] [Thread-8/INFO]: [gg.playit.minecraft.PlayitTcpTunnel] start connection to /209.25.141.2:43786 to claim client
[13:41:11] [nioEventLoopGroup-2-2/INFO]: [gg.playit.minecraft.PlayitTcpTunnel] connected to tunnel server, sending claim token
[13:41:11] [nioEventLoopGroup-2-2/INFO]: [gg.playit.minecraft.PlayitTcpTunnel] claim token sent
[13:41:11] [nioEventLoopGroup-2-2/INFO]: [gg.playit.minecraft.PlayitTcpTunnel] connection to tunnel server has been established
[13:41:11] [nioEventLoopGroup-2-1/INFO]: [gg.playit.minecraft.PlayitTcpTunnel] connected to tunnel server, sending claim token
[13:41:11] [nioEventLoopGroup-2-2/INFO]: [gg.playit.minecraft.PlayitTcpTunnel] Reflect: ReflectionHelper{ServerConnection=class net.minecraft.server.network.ServerConnectionListener, LegacyPingHandler=class net.minecraft.server.network.LegacyQueryHandler, MinecraftServer=class net.minecraft.server.MinecraftServer, PacketSplitter=class net.minecraft.network.Varint21FrameDecoder, PacketDecoder=class net.minecraft.network.PacketDecoder, EnumProtocolDirection=class net.minecraft.network.protocol.PacketFlow, PacketPrepender=class net.minecraft.network.Varint21LengthFieldPrepender, PacketEncoder=class net.minecraft.network.PacketEncoder, NetworkManagerServer=class net.minecraft.network.RateKickingConnection, NetworkManager=class net.minecraft.network.Connection, HandshakeListener=class net.minecraft.server.network.ServerHandshakePacketListenerImpl, PacketListener=interface net.minecraft.network.PacketListener, CraftServer=class org.bukkit.craftbukkit.CraftServer}
[13:41:11] [nioEventLoopGroup-2-1/INFO]: [gg.playit.minecraft.PlayitTcpTunnel] claim token sent
[13:41:11] [nioEventLoopGroup-2-2/INFO]: [gg.playit.minecraft.PlayitTcpTunnel] legacyPingHandler is null
[13:41:11] [nioEventLoopGroup-2-2/INFO]: [gg.playit.minecraft.PlayitTcpTunnel] connecting to minecraft server at localhost/127.0.0.1:25565
[13:41:11] [nioEventLoopGroup-2-3/INFO]: [gg.playit.minecraft.PlayitTcpTunnel] connected to local minecraft server
[13:41:11] [nioEventLoopGroup-2-1/INFO]: [gg.playit.minecraft.PlayitTcpTunnel] connection to tunnel server has been established
[13:41:11] [nioEventLoopGroup-2-1/INFO]: [gg.playit.minecraft.PlayitTcpTunnel] Reflect: ReflectionHelper{ServerConnection=class net.minecraft.server.network.ServerConnectionListener, LegacyPingHandler=class net.minecraft.server.network.LegacyQueryHandler, MinecraftServer=class net.minecraft.server.MinecraftServer, PacketSplitter=class net.minecraft.network.Varint21FrameDecoder, PacketDecoder=class net.minecraft.network.PacketDecoder, EnumProtocolDirection=class net.minecraft.network.protocol.PacketFlow, PacketPrepender=class net.minecraft.network.Varint21LengthFieldPrepender, PacketEncoder=class net.minecraft.network.PacketEncoder, NetworkManagerServer=class net.minecraft.network.RateKickingConnection, NetworkManager=class net.minecraft.network.Connection, HandshakeListener=class net.minecraft.server.network.ServerHandshakePacketListenerImpl, PacketListener=interface net.minecraft.network.PacketListener, CraftServer=class org.bukkit.craftbukkit.CraftServer}
[13:41:11] [nioEventLoopGroup-2-1/INFO]: [gg.playit.minecraft.PlayitTcpTunnel] legacyPingHandler is null
[13:41:11] [nioEventLoopGroup-2-1/INFO]: [gg.playit.minecraft.PlayitTcpTunnel] connecting to minecraft server at localhost/127.0.0.1:25565
[13:41:11] [nioEventLoopGroup-2-4/INFO]: [gg.playit.minecraft.PlayitTcpTunnel] connected to local minecraft server
[13:41:12] [Thread-8/INFO]: [gg.playit.minecraft.PlayitManager] got new client: NewClient{connectAddr=147.185.221.194:45227, peerAddr=216.128.138.102:55954, claimAddress=209.25.141.2:43786, claimToken=[44, 0, 60, -109, -71, -35, -62, -80, -85, -40, -128, -118, 102, -38, -110, -67, -30, -37, 18, -85, 10, 103, -59, -79, 120, 0, 0, 0, 0, 0, 16, -82, 15, 0, 0, 0, 0, 0, 63, -27, -32, -105, 18, -85, 10, 0, 0, 0, 0, 44, 0, 0, 0, 0, 0, 0, 0, 1, 0, 1, -26, 81, 68, -37, 81, 58, -11, 50, 31, 31, 122, -62, 67, 91, -24, 113], tunnelServerId=1, dataCenterId=44}
[13:41:12] [Thread-8/INFO]: [gg.playit.minecraft.PlayitManager] starting tcp tunnel for client
[13:41:12] [Thread-8/INFO]: [gg.playit.minecraft.PlayitTcpTunnel] start connection to /209.25.141.2:43786 to claim client
[13:41:12] [nioEventLoopGroup-2-1/INFO]: [gg.playit.minecraft.PlayitTcpTunnel] connected to tunnel server, sending claim token
[13:41:12] [nioEventLoopGroup-2-1/INFO]: [gg.playit.minecraft.PlayitTcpTunnel] claim token sent
[13:41:12] [nioEventLoopGroup-2-1/INFO]: [gg.playit.minecraft.PlayitTcpTunnel] connection to tunnel server has been established
[13:41:12] [nioEventLoopGroup-2-1/INFO]: [gg.playit.minecraft.PlayitTcpTunnel] Reflect: ReflectionHelper{ServerConnection=class net.minecraft.server.network.ServerConnectionListener, LegacyPingHandler=class net.minecraft.server.network.LegacyQueryHandler, MinecraftServer=class net.minecraft.server.MinecraftServer, PacketSplitter=class net.minecraft.network.Varint21FrameDecoder, PacketDecoder=class net.minecraft.network.PacketDecoder, EnumProtocolDirection=class net.minecraft.network.protocol.PacketFlow, PacketPrepender=class net.minecraft.network.Varint21LengthFieldPrepender, PacketEncoder=class net.minecraft.network.PacketEncoder, NetworkManagerServer=class net.minecraft.network.RateKickingConnection, NetworkManager=class net.minecraft.network.Connection, HandshakeListener=class net.minecraft.server.network.ServerHandshakePacketListenerImpl, PacketListener=interface net.minecraft.network.PacketListener, CraftServer=class org.bukkit.craftbukkit.CraftServer}
[13:41:12] [nioEventLoopGroup-2-1/INFO]: [gg.playit.minecraft.PlayitTcpTunnel] legacyPingHandler is null
[13:41:12] [nioEventLoopGroup-2-1/INFO]: [gg.playit.minecraft.PlayitTcpTunnel] connecting to minecraft server at localhost/127.0.0.1:25565
[13:41:12] [nioEventLoopGroup-2-2/INFO]: [gg.playit.minecraft.PlayitTcpTunnel] connected to local minecraft server
[13:41:13] [Thread-8/INFO]: [gg.playit.minecraft.PlayitManager] got new client: NewClient{connectAddr=147.185.221.194:45227, peerAddr=216.128.138.102:55960, claimAddress=209.25.141.2:43786, claimToken=[44, 0, 60, -109, -71, -35, -62, -80, -85, -40, -128, -118, 102, -38, -104, 38, 23, -71, 44, -85, 10, 103, -59, -79, 121, 0, 0, 0, 0, 0, 16, -82, 15, 0, 0, 0, 0, 0, 63, -27, -32, 16, 44, -85, 10, 0, 0, 0, 0, 44, 0, 0, 0, 0, 0, 0, 0, 1, 0, 1, 23, -55, -9, 15, 44, -59, 80, -31, -58, -35, -95, 18, 26, 63, 108, 126], tunnelServerId=1, dataCenterId=44}
[13:41:13] [Thread-8/INFO]: [gg.playit.minecraft.PlayitManager] starting tcp tunnel for client
[13:41:13] [Thread-8/INFO]: [gg.playit.minecraft.PlayitTcpTunnel] start connection to /209.25.141.2:43786 to claim client
[13:41:13] [nioEventLoopGroup-2-3/INFO]: [gg.playit.minecraft.PlayitTcpTunnel] connected to tunnel server, sending claim token
[13:41:13] [nioEventLoopGroup-2-3/INFO]: [gg.playit.minecraft.PlayitTcpTunnel] claim token sent
[13:41:13] [nioEventLoopGroup-2-3/INFO]: [gg.playit.minecraft.PlayitTcpTunnel] connection to tunnel server has been established
[13:41:13] [nioEventLoopGroup-2-3/INFO]: [gg.playit.minecraft.PlayitTcpTunnel] Reflect: ReflectionHelper{ServerConnection=class net.minecraft.server.network.ServerConnectionListener, LegacyPingHandler=class net.minecraft.server.network.LegacyQueryHandler, MinecraftServer=class net.minecraft.server.MinecraftServer, PacketSplitter=class net.minecraft.network.Varint21FrameDecoder, PacketDecoder=class net.minecraft.network.PacketDecoder, EnumProtocolDirection=class net.minecraft.network.protocol.PacketFlow, PacketPrepender=class net.minecraft.network.Varint21LengthFieldPrepender, PacketEncoder=class net.minecraft.network.PacketEncoder, NetworkManagerServer=class net.minecraft.network.RateKickingConnection, NetworkManager=class net.minecraft.network.Connection, HandshakeListener=class net.minecraft.server.network.ServerHandshakePacketListenerImpl, PacketListener=interface net.minecraft.network.PacketListener, CraftServer=class org.bukkit.craftbukkit.CraftServer}
[13:41:13] [nioEventLoopGroup-2-3/INFO]: [gg.playit.minecraft.PlayitTcpTunnel] legacyPingHandler is null
[13:41:13] [nioEventLoopGroup-2-3/INFO]: [gg.playit.minecraft.PlayitTcpTunnel] connecting to minecraft server at localhost/127.0.0.1:25565
[13:41:13] [nioEventLoopGroup-2-4/INFO]: [gg.playit.minecraft.PlayitTcpTunnel] connected to local minecraft server
[13:41:13] [Thread-8/INFO]: [gg.playit.minecraft.PlayitManager] got new client: NewClient{connectAddr=147.185.221.194:45227, peerAddr=216.128.138.102:55974, claimAddress=209.25.141.2:43786, claimToken=[44, 0, 60, -109, -71, -35, -62, -80, -85, -40, -128, -118, 102, -38, -90, 37, 47, -58, 68, -85, 10, 103, -59, -79, 121, 0, 0, 0, 0, 0, 16, -82, 15, 0, 0, 0, 0, 0, 63, -27, -32, -40, 68, -85, 10, 0, 0, 0, 0, 44, 0, 0, 0, 0, 0, 0, 0, 1, 0, 2, -62, -115, 72, 36, -111, -45, 127, -47, -82, 39, 39, 36, -61, -121, 83, 57], tunnelServerId=1, dataCenterId=44}
[13:41:13] [Thread-8/INFO]: [gg.playit.minecraft.PlayitManager] starting tcp tunnel for client
[13:41:13] [Thread-8/INFO]: [gg.playit.minecraft.PlayitTcpTunnel] start connection to /209.25.141.2:43786 to claim client
[13:41:13] [nioEventLoopGroup-2-1/INFO]: [gg.playit.minecraft.PlayitTcpTunnel] connected to tunnel server, sending claim token
[13:41:13] [nioEventLoopGroup-2-1/INFO]: [gg.playit.minecraft.PlayitTcpTunnel] claim token sent
[13:41:13] [nioEventLoopGroup-2-1/INFO]: [gg.playit.minecraft.PlayitTcpTunnel] connection to tunnel server has been established
[13:41:13] [nioEventLoopGroup-2-1/INFO]: [gg.playit.minecraft.PlayitTcpTunnel] Reflect: ReflectionHelper{ServerConnection=class net.minecraft.server.network.ServerConnectionListener, LegacyPingHandler=class net.minecraft.server.network.LegacyQueryHandler, MinecraftServer=class net.minecraft.server.MinecraftServer, PacketSplitter=class net.minecraft.network.Varint21FrameDecoder, PacketDecoder=class net.minecraft.network.PacketDecoder, EnumProtocolDirection=class net.minecraft.network.protocol.PacketFlow, PacketPrepender=class net.minecraft.network.Varint21LengthFieldPrepender, PacketEncoder=class net.minecraft.network.PacketEncoder, NetworkManagerServer=class net.minecraft.network.RateKickingConnection, NetworkManager=class net.minecraft.network.Connection, HandshakeListener=class net.minecraft.server.network.ServerHandshakePacketListenerImpl, PacketListener=interface net.minecraft.network.PacketListener, CraftServer=class org.bukkit.craftbukkit.CraftServer}
[13:41:13] [nioEventLoopGroup-2-1/INFO]: [gg.playit.minecraft.PlayitTcpTunnel] legacyPingHandler is null
[13:41:13] [nioEventLoopGroup-2-1/INFO]: [gg.playit.minecraft.PlayitTcpTunnel] connecting to minecraft server at localhost/127.0.0.1:25565
[13:41:13] [nioEventLoopGroup-2-2/INFO]: [gg.playit.minecraft.PlayitTcpTunnel] connected to local minecraft server
[13:41:13] [Thread-8/INFO]: [gg.playit.minecraft.PlayitManager] got new client: NewClient{connectAddr=147.185.221.194:45227, peerAddr=216.128.138.102:55976, claimAddress=209.25.141.2:43786, claimToken=[44, 0, 60, -109, -71, -35, -62, -80, -85, -40, -128, -118, 102, -38, -88, -66, 35, 66, 90, -85, 10, 103, -59, -79, 121, 0, 0, 0, 0, 0, 16, -82, 15, 0, 0, 0, 0, 0, 63, -27, -32, -79, 90, -85, 10, 0, 0, 0, 0, 44, 0, 0, 0, 0, 0, 0, 0, 1, 0, 3, 86, -119, 22, -30, -11, -73, 34, 63, -119, 35, 24, 102, 58, -105, -89, -9], tunnelServerId=1, dataCenterId=44}
[13:41:13] [Thread-8/INFO]: [gg.playit.minecraft.PlayitManager] starting tcp tunnel for client
[13:41:13] [Thread-8/INFO]: [gg.playit.minecraft.PlayitTcpTunnel] start connection to /209.25.141.2:43786 to claim client
[13:41:13] [nioEventLoopGroup-2-3/INFO]: [gg.playit.minecraft.PlayitTcpTunnel] connected to tunnel server, sending claim token
[13:41:13] [nioEventLoopGroup-2-3/INFO]: [gg.playit.minecraft.PlayitTcpTunnel] claim token sent
[13:41:13] [nioEventLoopGroup-2-3/INFO]: [gg.playit.minecraft.PlayitTcpTunnel] connection to tunnel server has been established
[13:41:13] [nioEventLoopGroup-2-3/INFO]: [gg.playit.minecraft.PlayitTcpTunnel] Reflect: ReflectionHelper{ServerConnection=class net.minecraft.server.network.ServerConnectionListener, LegacyPingHandler=class net.minecraft.server.network.LegacyQueryHandler, MinecraftServer=class net.minecraft.server.MinecraftServer, PacketSplitter=class net.minecraft.network.Varint21FrameDecoder, PacketDecoder=class net.minecraft.network.PacketDecoder, EnumProtocolDirection=class net.minecraft.network.protocol.PacketFlow, PacketPrepender=class net.minecraft.network.Varint21LengthFieldPrepender, PacketEncoder=class net.minecraft.network.PacketEncoder, NetworkManagerServer=class net.minecraft.network.RateKickingConnection, NetworkManager=class net.minecraft.network.Connection, HandshakeListener=class net.minecraft.server.network.ServerHandshakePacketListenerImpl, PacketListener=interface net.minecraft.network.PacketListener, CraftServer=class org.bukkit.craftbukkit.CraftServer}
[13:41:13] [nioEventLoopGroup-2-3/INFO]: [gg.playit.minecraft.PlayitTcpTunnel] legacyPingHandler is null
[13:41:13] [nioEventLoopGroup-2-3/INFO]: [gg.playit.minecraft.PlayitTcpTunnel] connecting to minecraft server at localhost/127.0.0.1:25565
[13:41:13] [nioEventLoopGroup-2-4/INFO]: [gg.playit.minecraft.PlayitTcpTunnel] connected to local minecraft server
[13:41:15] [Thread-8/INFO]: [gg.playit.minecraft.PlayitManager] got new client: NewClient{connectAddr=147.185.221.194:45227, peerAddr=216.128.138.102:42966, claimAddress=209.25.141.2:43786, claimToken=[44, 0, 60, -109, -71, -35, -62, -80, -85, -40, -128, -118, 102, -89, -42, -52, -76, -68, 108, -85, 10, 103, -59, -79, 123, 0, 0, 0, 0, 0, 16, -82, 15, 0, 0, 0, 0, 0, 63, -27, -32, 48, 108, -85, 10, 0, 0, 0, 0, 44, 0, 0, 0, 0, 0, 0, 0, 1, 0, 3, 42, -85, 104, 22, 113, -54, 117, -105, 99, -99, -8, -10, -50, 118, 111, 19], tunnelServerId=1, dataCenterId=44}
[13:41:15] [Thread-8/INFO]: [gg.playit.minecraft.PlayitManager] starting tcp tunnel for client
[13:41:15] [Thread-8/INFO]: [gg.playit.minecraft.PlayitTcpTunnel] start connection to /209.25.141.2:43786 to claim client
[13:41:15] [nioEventLoopGroup-2-1/INFO]: [gg.playit.minecraft.PlayitTcpTunnel] connected to tunnel server, sending claim token
[13:41:15] [nioEventLoopGroup-2-1/INFO]: [gg.playit.minecraft.PlayitTcpTunnel] claim token sent
[13:41:15] [nioEventLoopGroup-2-1/INFO]: [gg.playit.minecraft.PlayitTcpTunnel] connection to tunnel server has been established
[13:41:15] [nioEventLoopGroup-2-1/INFO]: [gg.playit.minecraft.PlayitTcpTunnel] Reflect: ReflectionHelper{ServerConnection=class net.minecraft.server.network.ServerConnectionListener, LegacyPingHandler=class net.minecraft.server.network.LegacyQueryHandler, MinecraftServer=class net.minecraft.server.MinecraftServer, PacketSplitter=class net.minecraft.network.Varint21FrameDecoder, PacketDecoder=class net.minecraft.network.PacketDecoder, EnumProtocolDirection=class net.minecraft.network.protocol.PacketFlow, PacketPrepender=class net.minecraft.network.Varint21LengthFieldPrepender, PacketEncoder=class net.minecraft.network.PacketEncoder, NetworkManagerServer=class net.minecraft.network.RateKickingConnection, NetworkManager=class net.minecraft.network.Connection, HandshakeListener=class net.minecraft.server.network.ServerHandshakePacketListenerImpl, PacketListener=interface net.minecraft.network.PacketListener, CraftServer=class org.bukkit.craftbukkit.CraftServer}
[13:41:15] [nioEventLoopGroup-2-1/INFO]: [gg.playit.minecraft.PlayitTcpTunnel] legacyPingHandler is null
[13:41:15] [nioEventLoopGroup-2-1/INFO]: [gg.playit.minecraft.PlayitTcpTunnel] connecting to minecraft server at localhost/127.0.0.1:25565
[13:41:15] [nioEventLoopGroup-2-2/INFO]: [gg.playit.minecraft.PlayitTcpTunnel] connected to local minecraft server
[13:41:16] [Thread-8/INFO]: [gg.playit.minecraft.PlayitManager] got new client: NewClient{connectAddr=147.185.221.194:45227, peerAddr=216.128.138.102:42982, claimAddress=209.25.141.2:43786, claimToken=[44, 0, 60, -109, -71, -35, -62, -80, -85, -40, -128, -118, 102, -89, -26, 41, 29, 21, 27, -85, 10, 103, -59, -79, 124, 0, 0, 0, 0, 0, 16, -82, 15, 0, 0, 0, 0, 0, 63, -27, -32, 118, 27, -85, 10, 0, 0, 0, 0, 44, 0, 0, 0, 0, 0, 0, 0, 1, 0, 3, -4, 79, 55, -44, -78, -8, 7, 72, -86, -16, -64, 95, -70, -6, -126, -85], tunnelServerId=1, dataCenterId=44}
[13:41:16] [Thread-8/INFO]: [gg.playit.minecraft.PlayitManager] starting tcp tunnel for client
[13:41:16] [Thread-8/INFO]: [gg.playit.minecraft.PlayitTcpTunnel] start connection to /209.25.141.2:43786 to claim client
[13:41:16] [nioEventLoopGroup-2-3/INFO]: [gg.playit.minecraft.PlayitTcpTunnel] connected to tunnel server, sending claim token
[13:41:16] [nioEventLoopGroup-2-3/INFO]: [gg.playit.minecraft.PlayitTcpTunnel] claim token sent
[13:41:16] [nioEventLoopGroup-2-3/INFO]: [gg.playit.minecraft.PlayitTcpTunnel] connection to tunnel server has been established
[13:41:16] [nioEventLoopGroup-2-3/INFO]: [gg.playit.minecraft.PlayitTcpTunnel] Reflect: ReflectionHelper{ServerConnection=class net.minecraft.server.network.ServerConnectionListener, LegacyPingHandler=class net.minecraft.server.network.LegacyQueryHandler, MinecraftServer=class net.minecraft.server.MinecraftServer, PacketSplitter=class net.minecraft.network.Varint21FrameDecoder, PacketDecoder=class net.minecraft.network.PacketDecoder, EnumProtocolDirection=class net.minecraft.network.protocol.PacketFlow, PacketPrepender=class net.minecraft.network.Varint21LengthFieldPrepender, PacketEncoder=class net.minecraft.network.PacketEncoder, NetworkManagerServer=class net.minecraft.network.RateKickingConnection, NetworkManager=class net.minecraft.network.Connection, HandshakeListener=class net.minecraft.server.network.ServerHandshakePacketListenerImpl, PacketListener=interface net.minecraft.network.PacketListener, CraftServer=class org.bukkit.craftbukkit.CraftServer}
[13:41:16] [nioEventLoopGroup-2-3/INFO]: [gg.playit.minecraft.PlayitTcpTunnel] legacyPingHandler is null
[13:41:16] [nioEventLoopGroup-2-3/INFO]: [gg.playit.minecraft.PlayitTcpTunnel] connecting to minecraft server at localhost/127.0.0.1:25565
[13:41:16] [nioEventLoopGroup-2-4/INFO]: [gg.playit.minecraft.PlayitTcpTunnel] connected to local minecraft server
[13:41:17] [Thread-8/INFO]: [gg.playit.minecraft.PlayitManager] got new client: NewClient{connectAddr=147.185.221.194:45227, peerAddr=216.128.138.102:42990, claimAddress=209.25.141.2:43786, claimToken=[44, 0, 60, -109, -71, -35, -62, -80, -85, -40, -128, -118, 102, -89, -18, 4, 49, 26, -92, -85, 10, 103, -59, -79, 125, 0, 0, 0, 0, 0, 16, -82, 15, 0, 0, 0, 0, 0, 63, -27, -32, 23, -92, -85, 10, 0, 0, 0, 0, 44, 0, 0, 0, 0, 0, 0, 0, 1, 0, 1, -108, 28, -116, 123, 26, 83, 47, 112, -100, 77, -94, 48, 87, 103, 59, -100], tunnelServerId=1, dataCenterId=44}
[13:41:17] [Thread-8/INFO]: [gg.playit.minecraft.PlayitManager] starting tcp tunnel for client
[13:41:17] [Thread-8/INFO]: [gg.playit.minecraft.PlayitTcpTunnel] start connection to /209.25.141.2:43786 to claim client
[13:41:17] [nioEventLoopGroup-2-1/INFO]: [gg.playit.minecraft.PlayitTcpTunnel] connected to tunnel server, sending claim token
[13:41:17] [nioEventLoopGroup-2-1/INFO]: [gg.playit.minecraft.PlayitTcpTunnel] claim token sent
[13:41:17] [nioEventLoopGroup-2-1/INFO]: [gg.playit.minecraft.PlayitTcpTunnel] connection to tunnel server has been established
[13:41:17] [nioEventLoopGroup-2-1/INFO]: [gg.playit.minecraft.PlayitTcpTunnel] Reflect: ReflectionHelper{ServerConnection=class net.minecraft.server.network.ServerConnectionListener, LegacyPingHandler=class net.minecraft.server.network.LegacyQueryHandler, MinecraftServer=class net.minecraft.server.MinecraftServer, PacketSplitter=class net.minecraft.network.Varint21FrameDecoder, PacketDecoder=class net.minecraft.network.PacketDecoder, EnumProtocolDirection=class net.minecraft.network.protocol.PacketFlow, PacketPrepender=class net.minecraft.network.Varint21LengthFieldPrepender, PacketEncoder=class net.minecraft.network.PacketEncoder, NetworkManagerServer=class net.minecraft.network.RateKickingConnection, NetworkManager=class net.minecraft.network.Connection, HandshakeListener=class net.minecraft.server.network.ServerHandshakePacketListenerImpl, PacketListener=interface net.minecraft.network.PacketListener, CraftServer=class org.bukkit.craftbukkit.CraftServer}
[13:41:17] [nioEventLoopGroup-2-1/INFO]: [gg.playit.minecraft.PlayitTcpTunnel] legacyPingHandler is null
[13:41:17] [nioEventLoopGroup-2-1/INFO]: [gg.playit.minecraft.PlayitTcpTunnel] connecting to minecraft server at localhost/127.0.0.1:25565
[13:41:17] [nioEventLoopGroup-2-2/INFO]: [gg.playit.minecraft.PlayitTcpTunnel] connected to local minecraft server
[13:41:17] [Thread-8/INFO]: [gg.playit.minecraft.PlayitManager] got new client: NewClient{connectAddr=147.185.221.194:45227, peerAddr=216.128.138.102:43000, claimAddress=209.25.141.2:43786, claimToken=[44, 0, 60, -109, -71, -35, -62, -80, -85, -40, -128, -118, 102, -89, -8, 84, -53, -45, -105, -85, 10, 103, -59, -79, 125, 0, 0, 0, 0, 0, 16, -82, 15, 0, 0, 0, 0, 0, 63, -27, -32, 82, -105, -85, 10, 0, 0, 0, 0, 44, 0, 0, 0, 0, 0, 0, 0, 1, 0, 3, -92, -10, 33, -67, -123, 13, -125, 87, 125, 3, -88, -54, -112, 120, 125, -87], tunnelServerId=1, dataCenterId=44}
[13:41:17] [Thread-8/INFO]: [gg.playit.minecraft.PlayitManager] starting tcp tunnel for client
[13:41:17] [Thread-8/INFO]: [gg.playit.minecraft.PlayitTcpTunnel] start connection to /209.25.141.2:43786 to claim client
[13:41:17] [nioEventLoopGroup-2-3/INFO]: [gg.playit.minecraft.PlayitTcpTunnel] connected to tunnel server, sending claim token
[13:41:17] [nioEventLoopGroup-2-3/INFO]: [gg.playit.minecraft.PlayitTcpTunnel] claim token sent
[13:41:17] [nioEventLoopGroup-2-3/INFO]: [gg.playit.minecraft.PlayitTcpTunnel] connection to tunnel server has been established
[13:41:17] [nioEventLoopGroup-2-3/INFO]: [gg.playit.minecraft.PlayitTcpTunnel] Reflect: ReflectionHelper{ServerConnection=class net.minecraft.server.network.ServerConnectionListener, LegacyPingHandler=class net.minecraft.server.network.LegacyQueryHandler, MinecraftServer=class net.minecraft.server.MinecraftServer, PacketSplitter=class net.minecraft.network.Varint21FrameDecoder, PacketDecoder=class net.minecraft.network.PacketDecoder, EnumProtocolDirection=class net.minecraft.network.protocol.PacketFlow, PacketPrepender=class net.minecraft.network.Varint21LengthFieldPrepender, PacketEncoder=class net.minecraft.network.PacketEncoder, NetworkManagerServer=class net.minecraft.network.RateKickingConnection, NetworkManager=class net.minecraft.network.Connection, HandshakeListener=class net.minecraft.server.network.ServerHandshakePacketListenerImpl, PacketListener=interface net.minecraft.network.PacketListener, CraftServer=class org.bukkit.craftbukkit.CraftServer}
[13:41:17] [nioEventLoopGroup-2-3/INFO]: [gg.playit.minecraft.PlayitTcpTunnel] legacyPingHandler is null
[13:41:17] [nioEventLoopGroup-2-3/INFO]: [gg.playit.minecraft.PlayitTcpTunnel] connecting to minecraft server at localhost/127.0.0.1:25565
[13:41:17] [nioEventLoopGroup-2-4/INFO]: [gg.playit.minecraft.PlayitTcpTunnel] connected to local minecraft server
[13:41:17] [Thread-8/INFO]: [gg.playit.minecraft.PlayitManager] got new client: NewClient{connectAddr=147.185.221.194:45227, peerAddr=216.128.138.102:43014, claimAddress=209.25.141.2:43786, claimToken=[44, 0, 60, -109, -71, -35, -62, -80, -85, -40, -128, -118, 102, -88, 6, 6, -119, -6, 26, -85, 10, 103, -59, -79, 125, 0, 0, 0, 0, 0, 16, -82, 15, 0, 0, 0, 0, 0, 63, -27, -32, -76, 26, -85, 10, 0, 0, 0, 0, 44, 0, 0, 0, 0, 0, 0, 0, 1, 0, 2, 19, 100, 49, -119, -93, -78, -120, 18, -56, 31, 94, -92, -60, -22, -58, 4], tunnelServerId=1, dataCenterId=44}
[13:41:17] [Thread-8/INFO]: [gg.playit.minecraft.PlayitManager] starting tcp tunnel for client
[13:41:17] [Thread-8/INFO]: [gg.playit.minecraft.PlayitTcpTunnel] start connection to /209.25.141.2:43786 to claim client
[13:41:17] [nioEventLoopGroup-2-1/INFO]: [gg.playit.minecraft.PlayitTcpTunnel] connected to tunnel server, sending claim token
[13:41:17] [nioEventLoopGroup-2-1/INFO]: [gg.playit.minecraft.PlayitTcpTunnel] claim token sent
[13:41:17] [nioEventLoopGroup-2-1/INFO]: [gg.playit.minecraft.PlayitTcpTunnel] connection to tunnel server has been established
[13:41:17] [nioEventLoopGroup-2-1/INFO]: [gg.playit.minecraft.PlayitTcpTunnel] Reflect: ReflectionHelper{ServerConnection=class net.minecraft.server.network.ServerConnectionListener, LegacyPingHandler=class net.minecraft.server.network.LegacyQueryHandler, MinecraftServer=class net.minecraft.server.MinecraftServer, PacketSplitter=class net.minecraft.network.Varint21FrameDecoder, PacketDecoder=class net.minecraft.network.PacketDecoder, EnumProtocolDirection=class net.minecraft.network.protocol.PacketFlow, PacketPrepender=class net.minecraft.network.Varint21LengthFieldPrepender, PacketEncoder=class net.minecraft.network.PacketEncoder, NetworkManagerServer=class net.minecraft.network.RateKickingConnection, NetworkManager=class net.minecraft.network.Connection, HandshakeListener=class net.minecraft.server.network.ServerHandshakePacketListenerImpl, PacketListener=interface net.minecraft.network.PacketListener, CraftServer=class org.bukkit.craftbukkit.CraftServer}
[13:41:17] [nioEventLoopGroup-2-1/INFO]: [gg.playit.minecraft.PlayitTcpTunnel] legacyPingHandler is null
[13:41:17] [nioEventLoopGroup-2-1/INFO]: [gg.playit.minecraft.PlayitTcpTunnel] connecting to minecraft server at localhost/127.0.0.1:25565
[13:41:17] [nioEventLoopGroup-2-2/INFO]: [gg.playit.minecraft.PlayitTcpTunnel] connected to local minecraft server
[13:41:32] [Thread-8/INFO]: [gg.playit.minecraft.PlayitManager] got new client: NewClient{connectAddr=147.185.221.194:45227, peerAddr=216.128.138.102:40342, claimAddress=209.25.141.2:43786, claimToken=[44, 0, 60, -109, -71, -35, -62, -80, -85, -40, -128, -118, 102, -99, -106, 84, -85, -91, 15, -85, 10, 103, -59, -79, -116, 0, 0, 0, 0, 0, 16, -82, 15, 0, 0, 0, 0, 0, 63, -27, -32, 51, 15, -85, 10, 0, 0, 0, 0, 44, 0, 0, 0, 0, 0, 0, 0, 1, 0, 4, -40, 113, -26, -36, -69, -100, -36, -38, -108, -123, -57, 69, 124, 76, -91, -89], tunnelServerId=1, dataCenterId=44}
[13:41:32] [Thread-8/INFO]: [gg.playit.minecraft.PlayitManager] starting tcp tunnel for client
[13:41:32] [Thread-8/INFO]: [gg.playit.minecraft.PlayitTcpTunnel] start connection to /209.25.141.2:43786 to claim client
[13:41:32] [nioEventLoopGroup-2-3/INFO]: [gg.playit.minecraft.PlayitTcpTunnel] connected to tunnel server, sending claim token
[13:41:32] [nioEventLoopGroup-2-3/INFO]: [gg.playit.minecraft.PlayitTcpTunnel] claim token sent
[13:41:32] [nioEventLoopGroup-2-3/INFO]: [gg.playit.minecraft.PlayitTcpTunnel] connection to tunnel server has been established
[13:41:32] [nioEventLoopGroup-2-3/INFO]: [gg.playit.minecraft.PlayitTcpTunnel] Reflect: ReflectionHelper{ServerConnection=class net.minecraft.server.network.ServerConnectionListener, LegacyPingHandler=class net.minecraft.server.network.LegacyQueryHandler, MinecraftServer=class net.minecraft.server.MinecraftServer, PacketSplitter=class net.minecraft.network.Varint21FrameDecoder, PacketDecoder=class net.minecraft.network.PacketDecoder, EnumProtocolDirection=class net.minecraft.network.protocol.PacketFlow, PacketPrepender=class net.minecraft.network.Varint21LengthFieldPrepender, PacketEncoder=class net.minecraft.network.PacketEncoder, NetworkManagerServer=class net.minecraft.network.RateKickingConnection, NetworkManager=class net.minecraft.network.Connection, HandshakeListener=class net.minecraft.server.network.ServerHandshakePacketListenerImpl, PacketListener=interface net.minecraft.network.PacketListener, CraftServer=class org.bukkit.craftbukkit.CraftServer}
[13:41:32] [nioEventLoopGroup-2-3/INFO]: [gg.playit.minecraft.PlayitTcpTunnel] legacyPingHandler is null
[13:41:32] [nioEventLoopGroup-2-3/INFO]: [gg.playit.minecraft.PlayitTcpTunnel] connecting to minecraft server at localhost/127.0.0.1:25565
[13:41:32] [nioEventLoopGroup-2-4/INFO]: [gg.playit.minecraft.PlayitTcpTunnel] connected to local minecraft server
[13:41:35] [Thread-8/INFO]: [gg.playit.minecraft.PlayitManager] got new client: NewClient{connectAddr=[2602:fbaf:080c:0001:0000:0000:0000:00c2]:45227, peerAddr=[2001:19f0:6402:08f2:5400:05ff:fe0c:67c3]:45616, claimAddress=209.25.141.2:43786, claimToken=[64, 0, 88, 38, 2, -5, -81, 8, 12, 0, 1, 0, 0, 0, 0, 0, 0, 0, -62, -80, -85, 32, 1, 25, -16, 100, 2, 8, -14, 84, 0, 5, -1, -2, 12, 103, -61, -78, 48, 0, 0, 0, 0, -119, -45, 47, -67, -85, 10, 103, -59, -79, -113, 0, 0, 0, 0, 0, 16, -82, 15, 0, 0, 0, 0, 0, 63, -27, -32, 114, -67, -85, 10, 0, 0, 0, 0, 44, 0, 0, 0, 0, 0, 0, 0, 1, 0, 2, 127, -105, -13, 112, 89, 108, -37, 87, -17, -114, 42, 97, -110, -101, -102, -97], tunnelServerId=1, dataCenterId=44}
[13:41:35] [Thread-8/INFO]: [gg.playit.minecraft.PlayitManager] starting tcp tunnel for client
[13:41:35] [Thread-8/INFO]: [gg.playit.minecraft.PlayitTcpTunnel] start connection to /209.25.141.2:43786 to claim client
[13:41:35] [nioEventLoopGroup-2-1/INFO]: [gg.playit.minecraft.PlayitTcpTunnel] connected to tunnel server, sending claim token
[13:41:35] [nioEventLoopGroup-2-1/INFO]: [gg.playit.minecraft.PlayitTcpTunnel] claim token sent
[13:41:35] [nioEventLoopGroup-2-1/INFO]: [gg.playit.minecraft.PlayitTcpTunnel] connection to tunnel server has been established
[13:41:35] [nioEventLoopGroup-2-1/INFO]: [gg.playit.minecraft.PlayitTcpTunnel] Reflect: ReflectionHelper{ServerConnection=class net.minecraft.server.network.ServerConnectionListener, LegacyPingHandler=class net.minecraft.server.network.LegacyQueryHandler, MinecraftServer=class net.minecraft.server.MinecraftServer, PacketSplitter=class net.minecraft.network.Varint21FrameDecoder, PacketDecoder=class net.minecraft.network.PacketDecoder, EnumProtocolDirection=class net.minecraft.network.protocol.PacketFlow, PacketPrepender=class net.minecraft.network.Varint21LengthFieldPrepender, PacketEncoder=class net.minecraft.network.PacketEncoder, NetworkManagerServer=class net.minecraft.network.RateKickingConnection, NetworkManager=class net.minecraft.network.Connection, HandshakeListener=class net.minecraft.server.network.ServerHandshakePacketListenerImpl, PacketListener=interface net.minecraft.network.PacketListener, CraftServer=class org.bukkit.craftbukkit.CraftServer}
[13:41:35] [nioEventLoopGroup-2-1/INFO]: [gg.playit.minecraft.PlayitTcpTunnel] legacyPingHandler is null
[13:41:35] [nioEventLoopGroup-2-1/INFO]: [gg.playit.minecraft.PlayitTcpTunnel] connecting to minecraft server at localhost/127.0.0.1:25565
[13:41:35] [nioEventLoopGroup-2-2/INFO]: [gg.playit.minecraft.PlayitTcpTunnel] connected to local minecraft server
[13:41:38] [Thread-8/INFO]: [gg.playit.minecraft.PlayitManager] got new client: NewClient{connectAddr=147.185.221.194:45227, peerAddr=216.128.138.102:59234, claimAddress=209.25.141.2:43786, claimToken=[44, 0, 60, -109, -71, -35, -62, -80, -85, -40, -128, -118, 102, -25, 98, 124, 32, 19, 25, -85, 10, 103, -59, -79, -110, 0, 0, 0, 0, 0, 16, -82, 15, 0, 0, 0, 0, 0, 63, -27, -32, -56, 25, -85, 10, 0, 0, 0, 0, 44, 0, 0, 0, 0, 0, 0, 0, 1, 0, 1, 13, 9, -127, -50, 44, -44, -79, -122, 68, -88, 22, 49, 29, -123, 98, 99], tunnelServerId=1, dataCenterId=44}
[13:41:38] [Thread-8/INFO]: [gg.playit.minecraft.PlayitManager] starting tcp tunnel for client
[13:41:38] [Thread-8/INFO]: [gg.playit.minecraft.PlayitTcpTunnel] start connection to /209.25.141.2:43786 to claim client
[13:41:38] [nioEventLoopGroup-2-3/INFO]: [gg.playit.minecraft.PlayitTcpTunnel] connected to tunnel server, sending claim token
[13:41:38] [nioEventLoopGroup-2-3/INFO]: [gg.playit.minecraft.PlayitTcpTunnel] claim token sent
[13:41:38] [Thread-8/INFO]: [gg.playit.minecraft.PlayitManager] got new client: NewClient{connectAddr=[2602:fbaf:080c:0001:0000:0000:0000:00c2]:45227, peerAddr=[2001:19f0:6402:08f2:5400:05ff:fe0c:67c3]:45626, claimAddress=209.25.141.2:43786, claimToken=[64, 0, 88, 38, 2, -5, -81, 8, 12, 0, 1, 0, 0, 0, 0, 0, 0, 0, -62, -80, -85, 32, 1, 25, -16, 100, 2, 8, -14, 84, 0, 5, -1, -2, 12, 103, -61, -78, 58, 0, 0, 0, 0, 37, -62, -29, -127, -85, 10, 103, -59, -79, -110, 0, 0, 0, 0, 0, 16, -82, 15, 0, 0, 0, 0, 0, 63, -27, -32, 39, -127, -85, 10, 0, 0, 0, 0, 44, 0, 0, 0, 0, 0, 0, 0, 1, 0, 1, 126, -113, 26, 95, -90, -62, 104, -99, 89, 114, -111, 39, -55, -48, 9, -83], tunnelServerId=1, dataCenterId=44}
[13:41:38] [Thread-8/INFO]: [gg.playit.minecraft.PlayitManager] starting tcp tunnel for client
[13:41:38] [Thread-8/INFO]: [gg.playit.minecraft.PlayitTcpTunnel] start connection to /209.25.141.2:43786 to claim client
[13:41:38] [nioEventLoopGroup-2-3/INFO]: [gg.playit.minecraft.PlayitTcpTunnel] connection to tunnel server has been established
[13:41:38] [nioEventLoopGroup-2-3/INFO]: [gg.playit.minecraft.PlayitTcpTunnel] Reflect: ReflectionHelper{ServerConnection=class net.minecraft.server.network.ServerConnectionListener, LegacyPingHandler=class net.minecraft.server.network.LegacyQueryHandler, MinecraftServer=class net.minecraft.server.MinecraftServer, PacketSplitter=class net.minecraft.network.Varint21FrameDecoder, PacketDecoder=class net.minecraft.network.PacketDecoder, EnumProtocolDirection=class net.minecraft.network.protocol.PacketFlow, PacketPrepender=class net.minecraft.network.Varint21LengthFieldPrepender, PacketEncoder=class net.minecraft.network.PacketEncoder, NetworkManagerServer=class net.minecraft.network.RateKickingConnection, NetworkManager=class net.minecraft.network.Connection, HandshakeListener=class net.minecraft.server.network.ServerHandshakePacketListenerImpl, PacketListener=interface net.minecraft.network.PacketListener, CraftServer=class org.bukkit.craftbukkit.CraftServer}
[13:41:38] [nioEventLoopGroup-2-3/INFO]: [gg.playit.minecraft.PlayitTcpTunnel] legacyPingHandler is null
[13:41:38] [nioEventLoopGroup-2-3/INFO]: [gg.playit.minecraft.PlayitTcpTunnel] connecting to minecraft server at localhost/127.0.0.1:25565
[13:41:38] [nioEventLoopGroup-2-1/INFO]: [gg.playit.minecraft.PlayitTcpTunnel] connected to local minecraft server
[13:41:38] [nioEventLoopGroup-2-4/INFO]: [gg.playit.minecraft.PlayitTcpTunnel] connected to tunnel server, sending claim token
[13:41:38] [nioEventLoopGroup-2-4/INFO]: [gg.playit.minecraft.PlayitTcpTunnel] claim token sent
[13:41:38] [nioEventLoopGroup-2-4/INFO]: [gg.playit.minecraft.PlayitTcpTunnel] connection to tunnel server has been established
[13:41:38] [nioEventLoopGroup-2-4/INFO]: [gg.playit.minecraft.PlayitTcpTunnel] Reflect: ReflectionHelper{ServerConnection=class net.minecraft.server.network.ServerConnectionListener, LegacyPingHandler=class net.minecraft.server.network.LegacyQueryHandler, MinecraftServer=class net.minecraft.server.MinecraftServer, PacketSplitter=class net.minecraft.network.Varint21FrameDecoder, PacketDecoder=class net.minecraft.network.PacketDecoder, EnumProtocolDirection=class net.minecraft.network.protocol.PacketFlow, PacketPrepender=class net.minecraft.network.Varint21LengthFieldPrepender, PacketEncoder=class net.minecraft.network.PacketEncoder, NetworkManagerServer=class net.minecraft.network.RateKickingConnection, NetworkManager=class net.minecraft.network.Connection, HandshakeListener=class net.minecraft.server.network.ServerHandshakePacketListenerImpl, PacketListener=interface net.minecraft.network.PacketListener, CraftServer=class org.bukkit.craftbukkit.CraftServer}
[13:41:38] [nioEventLoopGroup-2-4/INFO]: [gg.playit.minecraft.PlayitTcpTunnel] legacyPingHandler is null
[13:41:38] [nioEventLoopGroup-2-4/INFO]: [gg.playit.minecraft.PlayitTcpTunnel] connecting to minecraft server at localhost/127.0.0.1:25565
[13:41:38] [nioEventLoopGroup-2-2/INFO]: [gg.playit.minecraft.PlayitTcpTunnel] connected to local minecraft server
[13:42:05] [Craft Scheduler Thread - 54 - ServerSigns/INFO]: [Metrics] Connection refused
[13:42:14] [Thread-8/INFO]: [gg.playit.control.ChannelSetup] send keep alive
[13:46:15] [Thread-8/INFO]: [gg.playit.control.ChannelSetup] send keep alive
[13:47:05] [Craft Scheduler Thread - 60 - ThemePark/INFO]: [ThemePark] Configuration data saved to file
[13:47:05] [Craft Scheduler Thread - 60 - ThemePark/INFO]: [ThemePark] Sign data saved to file
